{"level":"info","message":{"body":{"budget":3300,"client":"B","description":"This is my second test project","projectName":"B","timeline":"Dec 2023"},"method":"GET","parameters":{"0":"/projects"},"path":"/projects","timestamp":"5/13/2023, 1:41:47 AM"},"service":"Project-Planner"}
{"level":"info","message":{"body":{"budget":3300,"client":"B","description":"This is my second test project","projectName":"","timeline":"Dec 2023"},"method":"POST","parameters":{"0":"/create-project"},"path":"/create-project","timestamp":"5/13/2023, 1:41:47 AM"},"service":"Project-Planner"}
{"level":"info","message":{"body":{"budget":3300,"client":"B","description":"This is my second test project","projectName":"","timeline":"Dec 2023"},"method":"POST","parameters":{"0":"/create-project"},"path":"/create-project","timestamp":"5/13/2023, 1:43:53 AM"},"service":"Project-Planner"}
{"level":"info","message":{"body":{"budget":3300,"client":"B","description":"This is my second test project","projectName":"","timeline":"Dec 2023"},"method":"POST","parameters":{"0":"/create-project"},"path":"/create-project","timestamp":"5/13/2023, 1:44:26 AM"},"service":"Project-Planner"}
{"level":"info","message":{"body":{"budget":3300,"client":"B","description":"This is my second test project","projectName":"","timeline":"Dec 2023"},"method":"POST","parameters":{"0":"/create-project"},"path":"/create-project","timestamp":"5/13/2023, 1:45:40 AM"},"service":"Project-Planner"}
{"level":"info","message":{"body":{"budget":3300,"client":"B","description":"This is my second test project","projectName":"","timeline":"Dec 2023"},"method":"POST","parameters":{"0":"/create-project"},"path":"/create-project","timestamp":"5/13/2023, 1:47:38 AM"},"service":"Project-Planner"}
{"level":"info","message":{"body":{"budget":3300,"client":"B","description":"This is my second test project","projectName":"","timeline":"Dec 2023"},"method":"POST","parameters":{"0":"/create-project"},"path":"/create-project","timestamp":"5/13/2023, 1:48:35 AM"},"service":"Project-Planner"}
{"level":"info","message":{"body":{"budget":3300,"client":"B","description":"This is my second test project","projectName":"","timeline":"Dec 2023"},"method":"POST","parameters":{"0":"/create-project"},"path":"/create-project","timestamp":"5/13/2023, 1:49:47 AM"},"service":"Project-Planner"}
{"level":"info","message":{"body":{"budget":3300,"client":"B","description":"This is my second test project","projectName":"","timeline":"Dec 2023"},"method":"POST","parameters":{"0":"/create-project"},"path":"/create-project","timestamp":"5/13/2023, 1:50:55 AM"},"service":"Project-Planner"}
{"level":"info","message":{"body":{"budget":3300,"client":"B","description":"This is my second test project","projectName":"","timeline":"Dec 2023"},"method":"POST","parameters":{"0":"/create-project"},"path":"/create-project","timestamp":"5/13/2023, 1:51:17 AM"},"service":"Project-Planner"}
{"level":"info","message":{"body":{"budget":3300,"client":"B","description":"This is my second test project","projectName":"","timeline":"Dec 2023"},"method":"POST","parameters":{"0":"/create-project"},"path":"/create-project","timestamp":"5/13/2023, 1:55:39 AM"},"service":"Project-Planner"}
{"body":{"budget":3300,"client":"B","description":"This is my second test project","projectName":"","timeline":"Dec 2023"},"level":"error","message":"Project name must be included","method":"POST","parameters":{},"path":"/create-project","service":"Project-Planner","timestamp":"5/13/2023, 1:55:39 AM"}
{"level":"info","message":{"body":{"budget":"","client":"B","description":"This is my second test project","projectName":"B","timeline":"Dec 2023"},"method":"POST","parameters":{"0":"/create-project"},"path":"/create-project","timestamp":"5/13/2023, 1:57:09 AM"},"service":"Project-Planner"}
{"level":"info","message":{"body":{"budget":"","client":"B","description":"This is my second test project","projectName":"B","timeline":"Dec 2023"},"method":"POST","parameters":{"0":"/create-project"},"path":"/create-project","timestamp":"5/13/2023, 1:57:36 AM"},"service":"Project-Planner"}
{"body":{"budget":"","client":"B","description":"This is my second test project","projectName":"B","timeline":"Dec 2023"},"level":"error","message":"Project name must be included","method":"POST","parameters":{},"path":"/create-project","service":"Project-Planner","timestamp":"5/13/2023, 1:57:36 AM"}
{"level":"info","message":{"body":{"budget":"","client":"B","description":"This is my second test project","projectName":"B","timeline":"Dec 2023"},"method":"DELETE","parameters":{"0":"//delete-project/1"},"path":"//delete-project/1","timestamp":"5/13/2023, 2:23:12 AM"},"service":"Project-Planner"}
{"level":"info","message":{"body":{"budget":"","client":"B","description":"This is my second test project","projectName":"B","timeline":"Dec 2023"},"method":"DELETE","parameters":{"0":"//delete-project/1"},"path":"//delete-project/1","timestamp":"5/13/2023, 2:23:12 AM"},"service":"Project-Planner"}
{"level":"info","message":{"body":{"budget":"","client":"B","description":"This is my second test project","projectName":"B","timeline":"Dec 2023"},"method":"DELETE","parameters":{"0":"//delete-project/1"},"path":"//delete-project/1","timestamp":"5/13/2023, 2:25:01 AM"},"service":"Project-Planner"}
{"level":"info","message":{"body":{"budget":"","client":"B","description":"This is my second test project","projectName":"B","timeline":"Dec 2023"},"method":"DELETE","parameters":{"0":"//delete-project/1"},"path":"//delete-project/1","timestamp":"5/13/2023, 2:25:13 AM"},"service":"Project-Planner"}
{"level":"info","message":{"body":{"budget":"","client":"B","description":"This is my second test project","projectName":"B","timeline":"Dec 2023"},"method":"DELETE","parameters":{"0":"//delete-project/id:1"},"path":"//delete-project/id:1","timestamp":"5/13/2023, 2:25:13 AM"},"service":"Project-Planner"}
{"level":"info","message":{"body":{},"method":"DELETE","parameters":{"0":"//delete-project/id:1"},"path":"//delete-project/id:1","timestamp":"5/13/2023, 2:25:13 AM"},"service":"Project-Planner"}
{"level":"info","message":{"body":{},"method":"GET","parameters":{"0":"/projects"},"path":"/projects","timestamp":"5/13/2023, 2:25:13 AM"},"service":"Project-Planner"}
{"level":"info","message":{"body":{},"method":"GET","parameters":{"0":"/cart.json"},"path":"/cart.json","timestamp":"5/13/2023, 2:27:12 AM"},"service":"Project-Planner"}
{"level":"info","message":{"body":{},"method":"DELETE","parameters":{"0":"/create-project/:1"},"path":"/create-project/:1","timestamp":"5/13/2023, 2:27:12 AM"},"service":"Project-Planner"}
{"level":"info","message":{"body":{},"method":"DELETE","parameters":{"0":"/delete-project/:1"},"path":"/delete-project/:1","timestamp":"5/13/2023, 2:27:12 AM"},"service":"Project-Planner"}
{"level":"info","message":{"body":{},"method":"DELETE","parameters":{"0":"/delete-project/:1"},"path":"/delete-project/:1","timestamp":"5/13/2023, 2:28:41 AM"},"service":"Project-Planner"}
{"level":"info","message":{"body":{},"method":"GET","parameters":{"0":"/projects"},"path":"/projects","timestamp":"5/13/2023, 2:29:45 AM"},"service":"Project-Planner"}
{"level":"info","message":{"body":{},"method":"DELETE","parameters":{"0":"/delete-project/1"},"path":"/delete-project/1","timestamp":"5/13/2023, 2:29:45 AM"},"service":"Project-Planner"}
{"level":"info","message":{"body":{},"method":"DELETE","parameters":{"0":"/delete-project/1"},"path":"/delete-project/1","timestamp":"5/13/2023, 2:35:58 AM"},"service":"Project-Planner"}
{"level":"info","message":{"body":{},"method":"DELETE","parameters":{"0":"/delete-project/1"},"path":"/delete-project/1","timestamp":"5/13/2023, 2:41:46 AM"},"service":"Project-Planner"}
{"level":"info","message":{"body":{},"method":"DELETE","parameters":{"0":"/delete-project/1"},"path":"/delete-project/1","timestamp":"5/13/2023, 2:42:32 AM"},"service":"Project-Planner"}
{"level":"info","message":{"body":{},"method":"DELETE","parameters":{"0":"/delete-project/1"},"path":"/delete-project/1","timestamp":"5/13/2023, 2:44:05 AM"},"service":"Project-Planner"}
{"level":"info","message":{"body":{},"method":"GET","parameters":{"0":"/projects"},"path":"/projects","timestamp":"5/13/2023, 2:45:43 AM"},"service":"Project-Planner"}
{"level":"info","message":{"body":{},"method":"DELETE","parameters":{"0":"/delete-project/2"},"path":"/delete-project/2","timestamp":"5/13/2023, 2:45:43 AM"},"service":"Project-Planner"}
{"level":"info","message":{"body":{},"method":"DELETE","parameters":{"0":"/delete-project/3"},"path":"/delete-project/3","timestamp":"5/13/2023, 10:57:39 AM"},"service":"Project-Planner"}
{"level":"info","message":{"body":{},"method":"DELETE","parameters":{"0":"/delete-project/5"},"path":"/delete-project/5","timestamp":"5/13/2023, 11:02:06 AM"},"service":"Project-Planner"}
{"level":"info","message":{"body":{},"method":"DELETE","parameters":{"0":"/delete-project/5"},"path":"/delete-project/5","timestamp":"5/13/2023, 11:02:38 AM"},"service":"Project-Planner"}
{"level":"info","message":{"body":{},"method":"DELETE","parameters":{"0":"/delete-project/6"},"path":"/delete-project/6","timestamp":"5/13/2023, 11:02:55 AM"},"service":"Project-Planner"}
{"level":"info","message":{"body":{},"method":"DELETE","parameters":{"0":"/delete-project/7"},"path":"/delete-project/7","timestamp":"5/13/2023, 11:03:23 AM"},"service":"Project-Planner"}
{"level":"info","message":{"body":{},"method":"DELETE","parameters":{"0":"/delete-project/"},"path":"/delete-project/","timestamp":"5/13/2023, 11:04:38 AM"},"service":"Project-Planner"}
{"level":"info","message":{"body":{},"method":"DELETE","parameters":{"0":"/delete-project"},"path":"/delete-project","timestamp":"5/13/2023, 11:04:38 AM"},"service":"Project-Planner"}
{"level":"info","message":{"body":{},"method":"DELETE","parameters":{"0":"/delete-project"},"path":"/delete-project","timestamp":"5/13/2023, 11:05:19 AM"},"service":"Project-Planner"}
{"level":"info","message":{"body":{},"method":"DELETE","parameters":{"0":"/delete-project/"},"path":"/delete-project/","timestamp":"5/13/2023, 11:05:19 AM"},"service":"Project-Planner"}
{"level":"info","message":{"body":{},"method":"DELETE","parameters":{"0":"/delete-project/3"},"path":"/delete-project/3","timestamp":"5/13/2023, 11:05:19 AM"},"service":"Project-Planner"}
{"body":{},"level":"error","message":"Project Id must be included","method":"DELETE","parameters":{"id":"3"},"path":"/delete-project/3","service":"Project-Planner","timestamp":"5/13/2023, 11:05:19 AM"}
{"level":"info","message":{"body":{},"method":"DELETE","parameters":{"0":"/delete-project/3"},"path":"/delete-project/3","timestamp":"5/13/2023, 11:11:27 AM"},"service":"Project-Planner"}
{"body":{},"level":"error","message":"Project Id must be included","method":"DELETE","parameters":{"id":"3"},"path":"/delete-project/3","service":"Project-Planner","timestamp":"5/13/2023, 11:11:27 AM"}
{"level":"info","message":{"body":{},"method":"DELETE","parameters":{"0":"/delete-project/-3"},"path":"/delete-project/-3","timestamp":"5/13/2023, 11:18:35 AM"},"service":"Project-Planner"}
{"body":{},"level":"error","message":"Project Id must be included","method":"DELETE","parameters":{"id":"-3"},"path":"/delete-project/-3","service":"Project-Planner","timestamp":"5/13/2023, 11:18:35 AM"}
{"level":"info","message":{"body":{},"method":"DELETE","parameters":{"0":"/delete-project/"},"path":"/delete-project/","timestamp":"5/13/2023, 11:19:42 AM"},"service":"Project-Planner"}
{"level":"info","message":{"body":{},"method":"DELETE","parameters":{"0":"/delete-project/ "},"path":"/delete-project/%20","timestamp":"5/13/2023, 11:19:42 AM"},"service":"Project-Planner"}
{"body":{},"level":"error","message":"Project ID doesent exisit","method":"DELETE","parameters":{"id":" "},"path":"/delete-project/%20","service":"Project-Planner","timestamp":"5/13/2023, 11:19:42 AM"}
{"level":"info","message":{"body":{},"method":"GET","parameters":{"0":"/projects"},"path":"/projects","timestamp":"5/13/2023, 11:37:45 AM"},"service":"Project-Planner"}
{"level":"info","message":{"body":{"budget":200,"client":"C","description":"This is my Third test project","projectName":"C","timeline":"Jan 2024"},"method":"PUT","parameters":{"0":"/update-project/4"},"path":"/update-project/4","timestamp":"5/13/2023, 11:37:45 AM"},"service":"Project-Planner"}
{"level":"info","message":{"body":{},"method":"GET","parameters":{"0":"/projects"},"path":"/projects","timestamp":"5/13/2023, 11:40:54 AM"},"service":"Project-Planner"}
{"level":"info","message":{"body":{"budget":200,"client":"C","description":"This is my Third test project","projectName":"C","timeline":"Jan 2024"},"method":"PUT","parameters":{"0":"/update-project/4"},"path":"/update-project/4","timestamp":"5/13/2023, 11:40:54 AM"},"service":"Project-Planner"}
{"level":"info","message":{"body":{"budget":200,"client":"C","description":"This is my Third test project","projectName":"C","timeline":"Jan 2024"},"method":"PUT","parameters":{"0":"/update-project/4"},"path":"/update-project/4","timestamp":"5/13/2023, 11:44:28 AM"},"service":"Project-Planner"}
{"level":"info","message":{"body":{},"method":"GET","parameters":{"0":"/projects"},"path":"/projects","timestamp":"5/13/2023, 11:44:28 AM"},"service":"Project-Planner"}
{"level":"info","message":{"body":{"budget":200,"client":"C","description":"This is my Third test project","projectName":"C","timeline":"Jan 2024"},"method":"PUT","parameters":{"0":"/update-project/ "},"path":"/update-project/%20","timestamp":"5/13/2023, 11:45:30 AM"},"service":"Project-Planner"}
{"level":"info","message":{"body":{"budget":200,"client":"C","description":"This is my Third test project","projectName":"C","timeline":"Jan 2024"},"method":"PUT","parameters":{"0":"/update-project/h"},"path":"/update-project/h","timestamp":"5/13/2023, 11:46:34 AM"},"service":"Project-Planner"}
{"body":{"budget":200,"client":"C","description":"This is my Third test project","projectName":"C","timeline":"Jan 2024"},"level":"error","message":"Project ID doesent exisit","method":"PUT","parameters":{"id":"h"},"path":"/update-project/h","service":"Project-Planner","timestamp":"5/13/2023, 11:46:34 AM"}
{"level":"info","message":{"body":{"budget":200,"client":"C","description":"This is my Third test project","projectName":"C","timeline":"Jan 2024"},"method":"PUT","parameters":{"0":"/update-project/-1"},"path":"/update-project/-1","timestamp":"5/13/2023, 11:46:34 AM"},"service":"Project-Planner"}
{"level":"info","message":{"body":{"budget":200,"client":"C","description":"This is my Third test project","projectName":"C","timeline":"Jan 2024"},"method":"PUT","parameters":{"0":"/update-project/-1"},"path":"/update-project/-1","timestamp":"5/13/2023, 11:50:13 AM"},"service":"Project-Planner"}
{"level":"info","message":{"body":{"budget":200,"client":"C","description":"This is my Third test project","projectName":"C","timeline":"Jan 2024"},"method":"PUT","parameters":{"0":"/update-project/-1"},"path":"/update-project/-1","timestamp":"5/13/2023, 11:50:27 AM"},"service":"Project-Planner"}
{"level":"info","message":{"body":{"budget":200,"client":"C","description":"This is my Third test project","projectName":"C","timeline":"Jan 2024"},"method":"PUT","parameters":{"0":"/update-project/-1"},"path":"/update-project/-1","timestamp":"5/13/2023, 11:51:03 AM"},"service":"Project-Planner"}
{"level":"info","message":{"body":{},"method":"GET","parameters":{"0":"/projects"},"path":"/projects","timestamp":"5/13/2023, 11:51:03 AM"},"service":"Project-Planner"}
{"level":"info","message":{"body":{"budget":200,"client":"C","description":"This is my Third test project","projectName":"C","timeline":"Jan 2024"},"method":"PUT","parameters":{"0":"/update-project/-1"},"path":"/update-project/-1","timestamp":"5/13/2023, 11:55:01 AM"},"service":"Project-Planner"}
{"body":{"budget":200,"client":"C","description":"This is my Third test project","projectName":"C","timeline":"Jan 2024"},"level":"error","message":"Project ID Must be a positive number","method":"PUT","parameters":{"id":"-1"},"path":"/update-project/-1","service":"Project-Planner","timestamp":"5/13/2023, 11:55:01 AM"}
{"level":"info","message":{"body":{},"method":"GET","parameters":{"0":"/clients"},"path":"/clients","timestamp":"5/13/2023, 12:18:54 PM"},"service":"Project-Planner"}
{"level":"info","message":{"body":{"address":"1234 Street St, Ga, 30021","budget":5000,"clientName":"Mary Wis","email":"Mary@gmail.com","phoneNumber":"678-111-2222","project":"b","task":"contact Mary"},"method":"POST","parameters":{"0":"/create-client"},"path":"/create-client","timestamp":"5/13/2023, 12:27:38 PM"},"service":"Project-Planner"}
{"level":"info","message":{"body":{"address":"1234 Street St, Ga, 30021","budget":5000,"clientName":"Mary Wis","email":"Mary@gmail.com","phoneNumber":"678-111-2222","project":"b","task":"contact Mary"},"method":"POST","parameters":{"0":"/create-client"},"path":"/create-client","timestamp":"5/13/2023, 12:29:18 PM"},"service":"Project-Planner"}
{"level":"info","message":{"body":{},"method":"GET","parameters":{"0":"/clients"},"path":"/clients","timestamp":"5/13/2023, 12:29:18 PM"},"service":"Project-Planner"}
{"level":"info","message":{"body":{"address":"4532 Street Cir, Ga, 21232","budget":6000,"clientName":"Sally Moe","email":"Sally@gmail.com","phoneNumber":"678-111-2222","project":"c","task":"contact Sally"},"method":"PUT","parameters":{"0":"/update-client/1"},"path":"/update-client/1","timestamp":"5/13/2023, 12:35:26 PM"},"service":"Project-Planner"}
{"level":"info","message":{"body":{},"method":"GET","parameters":{"0":"/clients"},"path":"/clients","timestamp":"5/13/2023, 12:35:26 PM"},"service":"Project-Planner"}
{"level":"info","message":{"body":{"address":"4532 Street Cir, Ga, 21232","budget":6000,"clientName":"Sally Moe","email":"Sally@gmail.com","phoneNumber":"678-111-2222","project":"c","task":"contact Sally"},"method":"DELETE","parameters":{"0":"/delete-client/1"},"path":"/delete-client/1","timestamp":"5/13/2023, 12:35:26 PM"},"service":"Project-Planner"}
{"level":"info","message":{"body":{},"method":"GET","parameters":{"0":"/clients"},"path":"/clients","timestamp":"5/13/2023, 12:43:04 PM"},"service":"Project-Planner"}
{"level":"info","message":{"body":{"address":"4532 Street Cir, Ga, 21232","budget":6000,"clientName":"Sally Moe","email":"Sally@gmail.com","phoneNumber":"678-111-2222","project":"c","task":"contact Sally"},"method":"DELETE","parameters":{"0":"/delete-client/1"},"path":"/delete-client/1","timestamp":"5/13/2023, 12:44:00 PM"},"service":"Project-Planner"}
{"level":"info","message":{"body":{},"method":"GET","parameters":{"0":"/clients"},"path":"/clients","timestamp":"5/13/2023, 12:44:39 PM"},"service":"Project-Planner"}
{"level":"info","message":{"body":{"address":"4532 Street Cir, Ga, 21232","budget":6000,"clientName":"Sally Moe","email":"Sally@gmail.com","phoneNumber":"678-111-2222","project":"c","task":"contact Sally"},"method":"DELETE","parameters":{"0":"/delete-client/2"},"path":"/delete-client/2","timestamp":"5/13/2023, 12:45:03 PM"},"service":"Project-Planner"}
{"level":"info","message":{"body":{},"method":"GET","parameters":{"0":"/tasks"},"path":"/tasks","timestamp":"5/13/2023, 1:07:21 PM"},"service":"Project-Planner"}
{"level":"info","message":{"body":{"client":"Sally","description":"Contact Sally","dueDate":"Jan 2025","isDone":false,"project":"B","taskName":"Reach out"},"method":"POST","parameters":{"0":"/create-task"},"path":"/create-task","timestamp":"5/13/2023, 1:10:56 PM"},"service":"Project-Planner"}
{"level":"info","message":{"body":{},"method":"GET","parameters":{"0":"/tasks"},"path":"/tasks","timestamp":"5/13/2023, 1:10:56 PM"},"service":"Project-Planner"}
{"level":"info","message":{"body":{},"method":"DELETE","parameters":{"0":"/delete-task/1"},"path":"/delete-task/1","timestamp":"5/13/2023, 1:43:12 PM"},"service":"Project-Planner"}
{"level":"info","message":{"body":{},"method":"GET","parameters":{"0":"/tasks"},"path":"/tasks","timestamp":"5/13/2023, 1:44:52 PM"},"service":"Project-Planner"}
{"level":"info","message":{"body":{"client":"Sally","description":"Send the OnBoarding form to be filled out","dueDate":"Feb 2025","isDone":false,"project":"B","taskName":"send form"},"method":"PUT","parameters":{"0":"/update-task/2"},"path":"/update-task/2","timestamp":"5/13/2023, 1:44:52 PM"},"service":"Project-Planner"}
{"level":"info","message":{"body":{},"method":"GET","parameters":{"0":"/tasks"},"path":"/tasks","timestamp":"5/13/2023, 1:44:52 PM"},"service":"Project-Planner"}
{"level":"info","message":{"body":{"address":"4532 Street Cir, Ga, 21232","budget":6000,"clientName":"Sally Moe","email":"Sally@gmail.com","phoneNumber":"678-111-2222","project":"c","task":"contact Sally"},"method":"DELETE","parameters":{"0":"/delete-task/2"},"path":"/delete-task/2","timestamp":"5/13/2023, 1:47:49 PM"},"service":"Project-Planner"}
{"level":"info","message":{"body":{},"method":"GET","parameters":{"0":"/projects"},"path":"/projects","timestamp":"5/16/2023, 9:03:49 PM"},"service":"Project-Planner"}
{"level":"info","message":{"body":{},"method":"GET","parameters":{"0":"/projects"},"path":"/projects","timestamp":"5/16/2023, 9:19:53 PM"},"service":"Project-Planner"}
{"level":"info","message":{"body":{},"method":"GET","parameters":{"0":"/projects"},"path":"/projects","timestamp":"5/16/2023, 9:26:46 PM"},"service":"Project-Planner"}
{"level":"info","message":{"body":{},"method":"GET","parameters":{"0":"/tasks"},"path":"/tasks","timestamp":"5/16/2023, 9:28:11 PM"},"service":"Project-Planner"}
{"level":"info","message":{"body":{},"method":"GET","parameters":{"0":"/tasks"},"path":"/tasks","timestamp":"5/16/2023, 9:29:55 PM"},"service":"Project-Planner"}
{"level":"info","message":{"body":{},"method":"GET","parameters":{"0":"/tasks"},"path":"/tasks","timestamp":"5/16/2023, 9:30:24 PM"},"service":"Project-Planner"}
{"level":"info","message":{"body":{},"method":"GET","parameters":{"0":"/tasks"},"path":"/tasks","timestamp":"5/16/2023, 9:30:24 PM"},"service":"Project-Planner"}
{"level":"info","message":{"body":{},"method":"GET","parameters":{"0":"/tasks"},"path":"/tasks","timestamp":"5/16/2023, 9:31:29 PM"},"service":"Project-Planner"}
{"level":"info","message":{"body":{},"method":"GET","parameters":{"0":"//projects"},"path":"//projects","timestamp":"5/17/2023, 4:35:18 PM"},"service":"Project-Planner"}
{"level":"info","message":{"body":{},"method":"GET","parameters":{"0":"/projects"},"path":"/projects","timestamp":"5/17/2023, 4:35:18 PM"},"service":"Project-Planner"}
{"level":"info","message":{"body":{},"method":"GET","parameters":{"0":"/projects"},"path":"/projects","timestamp":"5/17/2023, 4:40:41 PM"},"service":"Project-Planner"}
{"level":"info","message":{"body":{},"method":"GET","parameters":{"0":"/projects"},"path":"/projects","timestamp":"5/17/2023, 4:45:41 PM"},"service":"Project-Planner"}
{"level":"info","message":{"body":{},"method":"GET","parameters":{"0":"/projects"},"path":"/projects","timestamp":"5/17/2023, 4:45:41 PM"},"service":"Project-Planner"}
{"level":"info","message":{"body":{},"method":"GET","parameters":{"0":"/"},"path":"/","timestamp":"5/17/2023, 7:05:23 PM"},"service":"Project-Planner"}
{"level":"info","message":{"body":{},"method":"GET","parameters":{"0":"/cart.json"},"path":"/cart.json","timestamp":"5/17/2023, 7:05:23 PM"},"service":"Project-Planner"}
{"level":"info","message":{"body":{},"method":"GET","parameters":{"0":"/projects"},"path":"/projects","timestamp":"5/17/2023, 7:05:23 PM"},"service":"Project-Planner"}
{"level":"info","message":{"body":{},"method":"GET","parameters":{"0":"/cart.json"},"path":"/cart.json","timestamp":"5/17/2023, 7:05:23 PM"},"service":"Project-Planner"}
{"level":"info","message":{"body":{},"method":"GET","parameters":{"0":"/favicon.ico"},"path":"/favicon.ico","timestamp":"5/17/2023, 7:05:23 PM"},"service":"Project-Planner"}
{"level":"info","message":{"body":{},"method":"GET","parameters":{"0":"/projects"},"path":"/projects","timestamp":"5/17/2023, 7:05:23 PM"},"service":"Project-Planner"}
