{"body":{"id":"asd"},"level":"error","message":"Project ID must be a number","method":"DELETE","parameters":{},"path":"/","service":"Project-Planner","timestamp":"5/18/2023, 7:00:00 PM"}
{"body":{"id":""},"level":"error","message":"Project ID Field is empty","method":"DELETE","parameters":{},"path":"/","service":"Project-Planner","timestamp":"5/18/2023, 7:03:55 PM"}
{"body":{"id":15},"level":"error","message":"Project ID dosent exisit","method":"DELETE","parameters":{},"path":"/","service":"Project-Planner","timestamp":"5/18/2023, 7:06:56 PM"}
{"body":{"id":14},"level":"error","message":"Project ID dosent exisit","method":"DELETE","parameters":{},"path":"/","service":"Project-Planner","timestamp":"5/20/2023, 12:54:53 PM"}
{"body":{"id":4},"level":"error","message":"Project ID dosent exisit","method":"DELETE","parameters":{},"path":"/","service":"Project-Planner","timestamp":"5/20/2023, 12:54:53 PM"}
{"body":{"id":13},"level":"error","message":"Project ID dosent exisit","method":"DELETE","parameters":{},"path":"/","service":"Project-Planner","timestamp":"5/20/2023, 12:57:47 PM"}
{"body":{"id":19},"level":"error","message":"Project ID dosent exisit","method":"DELETE","parameters":{},"path":"/","service":"Project-Planner","timestamp":"5/20/2023, 1:29:41 PM"}
{"body":{"id":31},"level":"error","message":"Project ID dosent exisit","method":"DELETE","parameters":{},"path":"/","service":"Project-Planner","timestamp":"5/20/2023, 1:29:41 PM"}
{"body":{},"level":"error","message":"Client ID must be a number","method":"DELETE","parameters":{},"path":"/","service":"Project-Planner","timestamp":"5/20/2023, 1:29:41 PM"}
{"body":{},"level":"error","message":"Client ID must be a number","method":"DELETE","parameters":{},"path":"/","service":"Project-Planner","timestamp":"5/21/2023, 1:18:23 AM"}
{"body":{},"level":"error","message":"Client ID must be a number","method":"DELETE","parameters":{},"path":"/","service":"Project-Planner","timestamp":"5/21/2023, 1:28:10 AM"}
{"body":{},"level":"error","message":"Client ID must be a number","method":"DELETE","parameters":{},"path":"/","service":"Project-Planner","timestamp":"5/21/2023, 1:50:16 AM"}
{"body":{"emailAddress":"test@test.com","name":"test1","password":"12345"},"level":"error","message":"Name should contain only letters","method":"POST","parameters":{},"path":"/","service":"Project-Planner","timestamp":"5/24/2023, 11:53:47 PM"}
{"body":{"id":39},"level":"error","message":"Project ID dosent exisit","method":"DELETE","parameters":{},"path":"/","service":"Project-Planner","timestamp":"5/29/2023, 9:50:04 AM"}
{"body":{"client":"","description":"12312sdasc","dueDate":"2032-05-31","isDone":false,"isinprogress":false,"project":"","taskName":"Reach out to John"},"level":"error","message":"Task email must be included","method":"POST","parameters":{},"path":"/","service":"Project-Planner","timestamp":"5/30/2023, 6:44:44 PM"}
{"body":{"client":"","description":"1231231","dueDate":"3123-01-12","isDone":false,"isinprogress":false,"project":"","taskName":"New Prop"},"level":"error","message":"Task email must be included","method":"POST","parameters":{},"path":"/","service":"Project-Planner","timestamp":"5/30/2023, 6:44:44 PM"}
{"body":[{"client":"sdadasd","createdAt":"2023-05-31T00:00:46.555Z","description":"asdsasdasd","dueDate":"123123-01-23","id":24,"isDone":true,"project":"Updated1 ","taskName":"sadasd","updatedAt":"2023-05-31T00:00:46.555Z"}],"level":"error","message":"Failed to update task","method":"PUT","parameters":{"id":"24"},"path":"/24","service":"Project-Planner","timestamp":"5/30/2023, 6:44:44 PM"}
{"body":{"client":"","description":"asdasdasd","dueDate":"123123-02-13","isDone":false,"isinprogress":false,"project":"","taskName":"asdasdasd"},"level":"error","message":"Task email must be included","method":"POST","parameters":{},"path":"/","service":"Project-Planner","timestamp":"5/31/2023, 12:44:58 AM"}
{"body":{"emailAddress":"John@email.com","name":"John Dell","password":"1234"},"level":"error","message":"Name should contain only letters","method":"POST","parameters":{},"path":"/","service":"Project-Planner","timestamp":"6/2/2023, 9:30:24 PM"}
{"body":{"client":"","description":"asdasd","dueDate":"2023-06-08T04:00:00.000Z","isDone":false,"isinprogress":false,"project":"","taskName":"sadasd"},"level":"error","message":"Task email must be included","method":"POST","parameters":{},"path":"/","service":"Project-Planner","timestamp":"6/2/2023, 11:12:55 PM"}
